2015/06/10 14:23:35 にビルドを開始しました。
     1>ノード 2 上のプロジェクト "C:\Users\d\Desktop\OpenNI-test\SimpleRead4_openGL\SimpleReadGL.vcxproj" (Build ターゲット)。
     1>ClCompile:
         C:\Program Files (x86)\Microsoft Visual Studio 11.0\VC\bin\x86_amd64\CL.exe /c /I"c:\Program Files\OpenNI2\Include" /I. /I"C:\Program Files\OpenNI2\Include\\" /Zi /nologo /W4 /WX- /MP /Od /D _WINDLL /D _MBCS /EHsc /RTC1 /MDd /GS /fp:precise /Zc:wchar_t /Zc:forScope /Fo"x64\Debug\\" /Fd"x64\Debug\vc110.pdb" /Gd /TP /errorReport:prompt main.cpp
         main.cpp
     1>main.cpp(134): warning C4189: 'h' : ローカル変数が初期化されましたが、参照されていません
     1>main.cpp(146): warning C4189: 'h' : ローカル変数が初期化されましたが、参照されていません
     1>main.cpp(279): warning C4100: 'buttonMask' : 引数は関数の本体部で 1 度も参照されません。
     1>main.cpp(387): warning C4127: 条件式が定数です。
     1>c:\users\d\desktop\openni-test\simpleread4_opengl\gl\freeglut_std.h(614): warning C4505: 'glutCreateMenu_ATEXIT_HACK' : 参照されていないローカル関数は削除されました。
       Link:
         C:\Program Files (x86)\Microsoft Visual Studio 11.0\VC\bin\x86_amd64\link.exe /ERRORREPORT:PROMPT /OUT:"C:\Users\d\Desktop\OpenNI-test\SimpleRead4_openGL\x64\Debug\SimpleReadGL.exe" /INCREMENTAL /NOLOGO /LIBPATH:"c:\Program Files\OpenNI2\Lib" /LIBPATH:"C:\Users\d\Desktop\OpenNI-test\SimpleRead4_openGL\x64\Debug\\" /LIBPATH:"C:\Program Files\OpenNI2\Lib\\" /WX OpenNI2.lib /MANIFEST /MANIFESTUAC:"level='asInvoker' uiAccess='false'" /manifest:embed /DEBUG /PDB:"C:\Users\d\Desktop\OpenNI-test\SimpleRead4_openGL\x64\Debug\SimpleReadGL.pdb" /TLBID:1 /DYNAMICBASE /NXCOMPAT /IMPLIB:"C:\Users\d\Desktop\OpenNI-test\SimpleRead4_openGL\x64\Debug\SimpleReadGL.lib" /MACHINE:X64 x64\Debug\main.obj
         x64\Debug\mouse_view.obj
         x64\Debug\OGL.obj
         x64\Debug\OGL2D.obj
         lib\x64\freeglut.lib
         SimpleReadGL.vcxproj -> C:\Users\d\Desktop\OpenNI-test\SimpleRead4_openGL\x64\Debug\SimpleReadGL.exe
       PostBuildEvent:
         xcopy /D /S /F /Y "C:\Program Files\OpenNI2\Redist\\*" "C:\Users\d\Desktop\OpenNI-test\SimpleRead4_openGL\x64\Debug\"
         
         :VCEnd
         0 個のファイルをコピーしました
     1>プロジェクト "C:\Users\d\Desktop\OpenNI-test\SimpleRead4_openGL\SimpleReadGL.vcxproj" (Build ターゲット) のビルドが完了しました。

ビルドに成功しました。

経過時間 00:00:00.80
